<?xml version="1.0" encoding="UTF-8"?>
<!-- Generated by org.testng.reporters.JUnitXMLReporter -->
<testsuite hostname="DESKTOP-U84DCBG" ignored="0" name="Test" tests="3" failures="0" timestamp="2023-10-16T13:03:17 IST" time="1.778" errors="0">
  <testcase name="@BeforeClass beforeTestCaseClass" time="1.305" classname="com.evs.vtiger.testcases.Basetest">
    <failure type="java.lang.NoSuchMethodError" message="com.google.common.io.ByteStreams.nullOutputStream()Ljava/io/OutputStream;">
      <![CDATA[java.lang.NoSuchMethodError: com.google.common.io.ByteStreams.nullOutputStream()Ljava/io/OutputStream;
at org.openqa.selenium.remote.service.DriverService$Builder.parseLogOutput(DriverService.java:472)
at org.openqa.selenium.chrome.ChromeDriverService$Builder.loadSystemProperties(ChromeDriverService.java:257)
at org.openqa.selenium.remote.service.DriverService$Builder.build(DriverService.java:495)
at org.openqa.selenium.chrome.ChromeDriverService.createDefaultService(ChromeDriverService.java:137)
at org.openqa.selenium.chrome.ChromeDriver.<init>(ChromeDriver.java:51)
at com.evs.vtiger.utility.WdUtil.launchBrowser(WdUtil.java:64)
at com.evs.vtiger.testcases.Basetest.beforeTestCaseClass(Basetest.java:36)
at java.util.ArrayList.forEach(Unknown Source)
at java.util.concurrent.FutureTask.run(Unknown Source)
at java.util.concurrent.ThreadPoolExecutor.runWorker(Unknown Source)
at java.util.concurrent.ThreadPoolExecutor$Worker.run(Unknown Source)
at java.lang.Thread.run(Unknown Source)
... Removed 16 stack frames]]>
    </failure>
  </testcase> <!-- @BeforeClass beforeTestCaseClass -->
  <testcase name="@BeforeClass beforeTestCaseClass" time="1.303" classname="com.evs.vtiger.testcases.Basetest">
    <failure type="java.lang.NoSuchMethodError" message="com.google.common.io.ByteStreams.nullOutputStream()Ljava/io/OutputStream;">
      <![CDATA[java.lang.NoSuchMethodError: com.google.common.io.ByteStreams.nullOutputStream()Ljava/io/OutputStream;
at org.openqa.selenium.remote.service.DriverService$Builder.parseLogOutput(DriverService.java:472)
at org.openqa.selenium.edge.EdgeDriverService$Builder.loadSystemProperties(EdgeDriverService.java:259)
at org.openqa.selenium.remote.service.DriverService$Builder.build(DriverService.java:495)
at org.openqa.selenium.edge.EdgeDriver.<init>(EdgeDriver.java:48)
at org.openqa.selenium.edge.EdgeDriver.<init>(EdgeDriver.java:44)
at com.evs.vtiger.utility.WdUtil.launchBrowser(WdUtil.java:70)
at com.evs.vtiger.testcases.Basetest.beforeTestCaseClass(Basetest.java:36)
at java.util.ArrayList.forEach(Unknown Source)
at java.util.concurrent.FutureTask.run(Unknown Source)
at java.util.concurrent.ThreadPoolExecutor.runWorker(Unknown Source)
at java.util.concurrent.ThreadPoolExecutor$Worker.run(Unknown Source)
at java.lang.Thread.run(Unknown Source)
... Removed 16 stack frames]]>
    </failure>
  </testcase> <!-- @BeforeClass beforeTestCaseClass -->
  <testcase name="@BeforeMethod beforTestcase" time="0.133" classname="com.evs.vtiger.testcases.Basetest">
    <failure type="java.lang.NullPointerException">
      <![CDATA[java.lang.NullPointerException
at com.evs.vtiger.pages.login.LoginPage.validLogin(LoginPage.java:33)
at com.evs.vtiger.testcases.Basetest.beforTestcase(Basetest.java:49)
at java.util.ArrayList.forEach(Unknown Source)
at java.util.concurrent.FutureTask.run(Unknown Source)
at java.util.concurrent.ThreadPoolExecutor.runWorker(Unknown Source)
at java.util.concurrent.ThreadPoolExecutor$Worker.run(Unknown Source)
at java.lang.Thread.run(Unknown Source)
... Removed 22 stack frames]]>
    </failure>
  </testcase> <!-- @BeforeMethod beforTestcase -->
  <testcase name="@AfterMethod afterTestCase" time="-1.697441597425E9" classname="com.evs.vtiger.testcases.Basetest">
    <skipped/>
  </testcase> <!-- @AfterMethod afterTestCase -->
  <testcase name="@BeforeMethod beforTestcase" time="0.151" classname="com.evs.vtiger.testcases.Basetest">
    <failure type="java.lang.NullPointerException">
      <![CDATA[java.lang.NullPointerException
at com.evs.vtiger.pages.login.LoginPage.validLogin(LoginPage.java:33)
at com.evs.vtiger.testcases.Basetest.beforTestcase(Basetest.java:49)
at java.util.ArrayList.forEach(Unknown Source)
at java.util.concurrent.FutureTask.run(Unknown Source)
at java.util.concurrent.ThreadPoolExecutor.runWorker(Unknown Source)
at java.util.concurrent.ThreadPoolExecutor$Worker.run(Unknown Source)
at java.lang.Thread.run(Unknown Source)
... Removed 22 stack frames]]>
    </failure>
  </testcase> <!-- @BeforeMethod beforTestcase -->
  <testcase name="@AfterMethod afterTestCase" time="-1.697441597461E9" classname="com.evs.vtiger.testcases.Basetest">
    <skipped/>
  </testcase> <!-- @AfterMethod afterTestCase -->
  <testcase name="@BeforeMethod beforTestcase" time="0.01" classname="com.evs.vtiger.testcases.Basetest">
    <failure type="java.lang.NullPointerException">
      <![CDATA[java.lang.NullPointerException
at com.evs.vtiger.pages.login.LoginPage.validLogin(LoginPage.java:33)
at com.evs.vtiger.testcases.Basetest.beforTestcase(Basetest.java:49)
at java.util.ArrayList.forEach(Unknown Source)
at java.util.concurrent.FutureTask.run(Unknown Source)
at java.util.concurrent.ThreadPoolExecutor.runWorker(Unknown Source)
at java.util.concurrent.ThreadPoolExecutor$Worker.run(Unknown Source)
at java.lang.Thread.run(Unknown Source)
... Removed 22 stack frames]]>
    </failure>
  </testcase> <!-- @BeforeMethod beforTestcase -->
  <testcase name="@BeforeMethod beforTestcase" time="0.006" classname="com.evs.vtiger.testcases.Basetest">
    <failure type="java.lang.NullPointerException">
      <![CDATA[java.lang.NullPointerException
at com.evs.vtiger.pages.login.LoginPage.validLogin(LoginPage.java:33)
at com.evs.vtiger.testcases.Basetest.beforTestcase(Basetest.java:49)
at java.util.ArrayList.forEach(Unknown Source)
at java.util.concurrent.FutureTask.run(Unknown Source)
at java.util.concurrent.ThreadPoolExecutor.runWorker(Unknown Source)
at java.util.concurrent.ThreadPoolExecutor$Worker.run(Unknown Source)
at java.lang.Thread.run(Unknown Source)
... Removed 22 stack frames]]>
    </failure>
  </testcase> <!-- @BeforeMethod beforTestcase -->
  <testcase name="@AfterMethod afterTestCase" time="-1.697441597503E9" classname="com.evs.vtiger.testcases.Basetest">
    <skipped/>
  </testcase> <!-- @AfterMethod afterTestCase -->
  <testcase name="@AfterMethod afterTestCase" time="-1.697441597507E9" classname="com.evs.vtiger.testcases.Basetest">
    <skipped/>
  </testcase> <!-- @AfterMethod afterTestCase -->
  <testcase name="@BeforeMethod beforTestcase" time="0.002" classname="com.evs.vtiger.testcases.Basetest">
    <failure type="java.lang.NullPointerException">
      <![CDATA[java.lang.NullPointerException
at com.evs.vtiger.pages.login.LoginPage.validLogin(LoginPage.java:33)
at com.evs.vtiger.testcases.Basetest.beforTestcase(Basetest.java:49)
at java.util.ArrayList.forEach(Unknown Source)
at java.util.concurrent.FutureTask.run(Unknown Source)
at java.util.concurrent.ThreadPoolExecutor.runWorker(Unknown Source)
at java.util.concurrent.ThreadPoolExecutor$Worker.run(Unknown Source)
at java.lang.Thread.run(Unknown Source)
... Removed 22 stack frames]]>
    </failure>
  </testcase> <!-- @BeforeMethod beforTestcase -->
  <testcase name="@BeforeMethod beforTestcase" time="0.002" classname="com.evs.vtiger.testcases.Basetest">
    <failure type="java.lang.NullPointerException">
      <![CDATA[java.lang.NullPointerException
at com.evs.vtiger.pages.login.LoginPage.validLogin(LoginPage.java:33)
at com.evs.vtiger.testcases.Basetest.beforTestcase(Basetest.java:49)
at java.util.ArrayList.forEach(Unknown Source)
at java.util.concurrent.FutureTask.run(Unknown Source)
at java.util.concurrent.ThreadPoolExecutor.runWorker(Unknown Source)
at java.util.concurrent.ThreadPoolExecutor$Worker.run(Unknown Source)
at java.lang.Thread.run(Unknown Source)
... Removed 22 stack frames]]>
    </failure>
  </testcase> <!-- @BeforeMethod beforTestcase -->
  <testcase name="@AfterMethod afterTestCase" time="-1.697441597633E9" classname="com.evs.vtiger.testcases.Basetest">
    <skipped/>
  </testcase> <!-- @AfterMethod afterTestCase -->
  <testcase name="@AfterClass afterTestCaseClass" time="-1.697441597637E9" classname="com.evs.vtiger.testcases.Basetest">
    <skipped/>
  </testcase> <!-- @AfterClass afterTestCaseClass -->
  <testcase name="@AfterMethod afterTestCase" time="-1.697441597606E9" classname="com.evs.vtiger.testcases.Basetest">
    <skipped/>
  </testcase> <!-- @AfterMethod afterTestCase -->
  <testcase name="@AfterClass afterTestCaseClass" time="-1.697441597663E9" classname="com.evs.vtiger.testcases.Basetest">
    <skipped/>
  </testcase> <!-- @AfterClass afterTestCaseClass -->
  <testcase name="vt001validateLogin" time="0.0" classname="com.evs.vtiger.testcases.ValidateLeadsFunctionality">
    <skipped/>
  </testcase> <!-- vt001validateLogin -->
  <testcase name="vt002validateCreateLeads" time="0.0" classname="com.evs.vtiger.testcases.ValidateLeadsFunctionality">
    <skipped/>
  </testcase> <!-- vt002validateCreateLeads -->
  <testcase name="vt003validateDeleteLead" time="0.0" classname="com.evs.vtiger.testcases.ValidateLeadsFunctionality">
    <skipped/>
  </testcase> <!-- vt003validateDeleteLead -->
</testsuite> <!-- Test -->
