<?xml version="1.0" encoding="UTF-8"?>
<!-- Generated by org.testng.reporters.JUnitXMLReporter -->
<testsuite hostname="DESKTOP-U84DCBG" ignored="0" name="Test" tests="3" failures="0" timestamp="2023-10-13T16:24:12 IST" time="227.94" errors="0">
  <testcase name="@BeforeMethod beforTestcase" time="3.843" classname="com.evs.vtiger.testcases.Basetest">
    <failure type="java.lang.NullPointerException">
      <![CDATA[java.lang.NullPointerException
at com.evs.vtiger.exceldata.ExcelDataUtil.getTestCaseData(ExcelDataUtil.java:96)
at com.evs.vtiger.testcases.Basetest.beforTestcase(Basetest.java:50)
at java.util.ArrayList.forEach(Unknown Source)
at java.util.concurrent.FutureTask.run(Unknown Source)
at java.util.concurrent.ThreadPoolExecutor.runWorker(Unknown Source)
at java.util.concurrent.ThreadPoolExecutor$Worker.run(Unknown Source)
at java.lang.Thread.run(Unknown Source)
... Removed 22 stack frames]]>
    </failure>
  </testcase> <!-- @BeforeMethod beforTestcase -->
  <testcase name="@AfterMethod afterTestCase" time="-1.697194452636E9" classname="com.evs.vtiger.testcases.Basetest">
    <skipped/>
  </testcase> <!-- @AfterMethod afterTestCase -->
  <testcase name="@AfterClass afterTestCaseClass" time="-1.697194452639E9" classname="com.evs.vtiger.testcases.Basetest">
    <skipped/>
  </testcase> <!-- @AfterClass afterTestCaseClass -->
  <testcase name="vt001validateLogin" time="0.126" classname="com.evs.vtiger.testcases.ValidateLeadsFunctionality"/>
  <testcase name="vt002validateCreateLeads" time="105.766" classname="com.evs.vtiger.testcases.ValidateLeadsFunctionality"/>
  <testcase name="vt003validateDeleteLead" time="0.0" classname="com.evs.vtiger.testcases.ValidateLeadsFunctionality">
    <skipped/>
  </testcase> <!-- vt003validateDeleteLead -->
</testsuite> <!-- Test -->
