<?xml version="1.0" encoding="UTF-8"?>
<!-- Generated by org.testng.reporters.JUnitXMLReporter -->
<testsuite hostname="DESKTOP-U84DCBG" ignored="0" name="Test1"
	tests="3" failures="0" timestamp="2023-10-13T16:26:36 IST"
	time="372.262" errors="0">
	<testcase name="@BeforeMethod beforTestcase" time="3.777"
		classname="com.evs.vtiger.testcases.Basetest">
		<failure type="java.lang.NullPointerException">
      <![CDATA[java.lang.NullPointerException
at com.evs.vtiger.exceldata.ExcelDataUtil.getTestCaseData(ExcelDataUtil.java:96)
at com.evs.vtiger.testcases.Basetest.beforTestcase(Basetest.java:50)
at java.util.ArrayList.forEach(Unknown Source)
at java.util.concurrent.FutureTask.run(Unknown Source)
at java.util.concurrent.ThreadPoolExecutor.runWorker(Unknown Source)
at java.util.concurrent.ThreadPoolExecutor$Worker.run(Unknown Source)
at java.lang.Thread.run(Unknown Source)
... Removed 22 stack frames]]>
		</failure>
	</testcase> <!-- @BeforeMethod beforTestcase -->
	<testcase name="@AfterMethod afterTestCase"
		time="-1.697194596959E9" classname="com.evs.vtiger.testcases.Basetest">
		<skipped />
	</testcase> <!-- @AfterMethod afterTestCase -->
	<testcase name="@AfterClass afterTestCaseClass"
		time="-1.69719459696E9" classname="com.evs.vtiger.testcases.Basetest">
		<skipped />
	</testcase> <!-- @AfterClass afterTestCaseClass -->
	<testcase name="vt001validateLogin" time="0.466"
		classname="com.evs.vtiger.testcases.ValidateLeadsFunctionality" />
	<testcase name="vt002validateCreateLeads" time="86.082"
		classname="com.evs.vtiger.testcases.ValidateLeadsFunctionality" />
	<testcase name="vt003validateDeleteLead" time="0.0"
		classname="com.evs.vtiger.testcases.ValidateLeadsFunctionality">
		<skipped />
	</testcase> <!-- vt003validateDeleteLead -->
</testsuite> <!-- Test1 -->
