<?xml version="1.0" encoding="UTF-8"?>
<testsuite name="TestSuite" time="217.706" tests="12" errors="0" skipped="6" failures="2">
  <properties>
[...]
</properties>
  <testcase name="vt001validateLogin" classname="com.evs.vtiger.testcases.ValidateLeadsFunctionality" time="0.129"/>
  <testcase name="vt001validateLogin" classname="com.evs.vtiger.testcases.ValidateLeadsFunctionality" time="0.465"/>
  <testcase name="vt002validateCreateLeads" classname="com.evs.vtiger.testcases.ValidateLeadsFunctionality" time="105.757"/>
  <testcase name="vt002validateCreateLeads" classname="com.evs.vtiger.testcases.ValidateLeadsFunctionality" time="86.081"/>
  <testcase name="beforTestcase" classname="com.evs.vtiger.testcases.ValidateLeadsFunctionality" time="111.82">
    <failure type="java.lang.NullPointerException:">java.lang.NullPointerException: null
	at com.evs.vtiger.exceldata.ExcelDataUtil.getTestCaseData(ExcelDataUtil.java:96)
	at com.evs.vtiger.testcases.Basetest.beforTestcase(Basetest.java:50)
	at sun.reflect.NativeMethodAccessorImpl.invoke0(Native Method)
	at sun.reflect.NativeMethodAccessorImpl.invoke(Unknown Source)
	at sun.reflect.DelegatingMethodAccessorImpl.invoke(Unknown Source)
	at java.lang.reflect.Method.invoke(Unknown Source)
	at org.testng.internal.MethodInvocationHelper.invokeMethod(MethodInvocationHelper.java:133)
	at org.testng.internal.MethodInvocationHelper.invokeMethodConsideringTimeout(MethodInvocationHelper.java:62)
	at org.testng.internal.ConfigInvoker.invokeConfigurationMethod(ConfigInvoker.java:385)
	at org.testng.internal.ConfigInvoker.invokeConfigurations(ConfigInvoker.java:321)
	at org.testng.internal.TestInvoker.runConfigMethods(TestInvoker.java:700)
	at org.testng.internal.TestInvoker.invokeMethod(TestInvoker.java:527)
	at org.testng.internal.TestInvoker.invokeTestMethod(TestInvoker.java:173)
	at org.testng.internal.MethodRunner.runInSequence(MethodRunner.java:46)
	at org.testng.internal.TestInvoker$MethodInvocationAgent.invoke(TestInvoker.java:824)
	at org.testng.internal.TestInvoker.invokeTestMethods(TestInvoker.java:146)
	at org.testng.internal.TestMethodWorker.invokeTestMethods(TestMethodWorker.java:146)
	at org.testng.internal.TestMethodWorker.run(TestMethodWorker.java:128)
	at java.util.ArrayList.forEach(Unknown Source)
	at org.testng.TestRunner.privateRun(TestRunner.java:794)
	at org.testng.TestRunner.run(TestRunner.java:596)
	at org.testng.SuiteRunner.runTest(SuiteRunner.java:377)
	at org.testng.SuiteRunner.access$000(SuiteRunner.java:28)
	at org.testng.SuiteRunner$SuiteWorker.run(SuiteRunner.java:418)
	at org.testng.internal.thread.ThreadUtil.lambda$execute$0(ThreadUtil.java:64)
	at java.util.concurrent.FutureTask.run(Unknown Source)
	at java.util.concurrent.ThreadPoolExecutor.runWorker(Unknown Source)
	at java.util.concurrent.ThreadPoolExecutor$Worker.run(Unknown Source)
	at java.lang.Thread.run(Unknown Source)
</failure>
    <system-out><![CDATA[ Element is clicked by WebElement 
Value is inputed by javascript 
value input successfully by WebElement 
softed is selected by visibleText 
Element is clicked by javascript 
]]></system-out>
  </testcase>
  <testcase name="beforTestcase" classname="com.evs.vtiger.testcases.ValidateLeadsFunctionality" time="91.721">
    <failure type="java.lang.NullPointerException:">java.lang.NullPointerException: null
	at com.evs.vtiger.exceldata.ExcelDataUtil.getTestCaseData(ExcelDataUtil.java:96)
	at com.evs.vtiger.testcases.Basetest.beforTestcase(Basetest.java:50)
	at sun.reflect.NativeMethodAccessorImpl.invoke0(Native Method)
	at sun.reflect.NativeMethodAccessorImpl.invoke(Unknown Source)
	at sun.reflect.DelegatingMethodAccessorImpl.invoke(Unknown Source)
	at java.lang.reflect.Method.invoke(Unknown Source)
	at org.testng.internal.MethodInvocationHelper.invokeMethod(MethodInvocationHelper.java:133)
	at org.testng.internal.MethodInvocationHelper.invokeMethodConsideringTimeout(MethodInvocationHelper.java:62)
	at org.testng.internal.ConfigInvoker.invokeConfigurationMethod(ConfigInvoker.java:385)
	at org.testng.internal.ConfigInvoker.invokeConfigurations(ConfigInvoker.java:321)
	at org.testng.internal.TestInvoker.runConfigMethods(TestInvoker.java:700)
	at org.testng.internal.TestInvoker.invokeMethod(TestInvoker.java:527)
	at org.testng.internal.TestInvoker.invokeTestMethod(TestInvoker.java:173)
	at org.testng.internal.MethodRunner.runInSequence(MethodRunner.java:46)
	at org.testng.internal.TestInvoker$MethodInvocationAgent.invoke(TestInvoker.java:824)
	at org.testng.internal.TestInvoker.invokeTestMethods(TestInvoker.java:146)
	at org.testng.internal.TestMethodWorker.invokeTestMethods(TestMethodWorker.java:146)
	at org.testng.internal.TestMethodWorker.run(TestMethodWorker.java:128)
	at java.util.ArrayList.forEach(Unknown Source)
	at org.testng.TestRunner.privateRun(TestRunner.java:794)
	at org.testng.TestRunner.run(TestRunner.java:596)
	at org.testng.SuiteRunner.runTest(SuiteRunner.java:377)
	at org.testng.SuiteRunner.access$000(SuiteRunner.java:28)
	at org.testng.SuiteRunner$SuiteWorker.run(SuiteRunner.java:418)
	at org.testng.internal.thread.ThreadUtil.lambda$execute$0(ThreadUtil.java:64)
	at java.util.concurrent.FutureTask.run(Unknown Source)
	at java.util.concurrent.ThreadPoolExecutor.runWorker(Unknown Source)
	at java.util.concurrent.ThreadPoolExecutor$Worker.run(Unknown Source)
	at java.lang.Thread.run(Unknown Source)
</failure>
    <system-out><![CDATA[ Element is clicked by WebElement 
Value is inputed by javascript 
value input successfully by WebElement 
softed is selected by visibleText 
Element is clicked by javascript 
]]></system-out>
  </testcase>
  <testcase name="vt003validateDeleteLead" classname="com.evs.vtiger.testcases.ValidateLeadsFunctionality" time="0">
    <skipped/>
  </testcase>
  <testcase name="vt003validateDeleteLead" classname="com.evs.vtiger.testcases.ValidateLeadsFunctionality" time="0">
    <skipped/>
  </testcase>
  <testcase name="afterTestCase" classname="com.evs.vtiger.testcases.ValidateLeadsFunctionality" time="0">
    <skipped/>
  </testcase>
  <testcase name="afterTestCase" classname="com.evs.vtiger.testcases.ValidateLeadsFunctionality" time="0">
    <skipped/>
  </testcase>
  <testcase name="afterTestCaseClass" classname="com.evs.vtiger.testcases.ValidateLeadsFunctionality" time="0">
    <skipped/>
  </testcase>
  <testcase name="afterTestCaseClass" classname="com.evs.vtiger.testcases.ValidateLeadsFunctionality" time="0">
    <skipped/>
  </testcase>
</testsuite>